(---------------------------------------------------------------------)
(                                                                     )
(    Allegro Netrev Import Logic                                      )
(                                                                     )
(    Drawing          : essaie.brd                                    )
(    Software Version : 16.5S022                                      )
(    Date/Time        : Fri Mar 01 10:33:20 2013                      )
(                                                                     )
(---------------------------------------------------------------------)


------ Directives ------

RIPUP_ETCH FALSE;
RIPUP_DELETE_FIRST_SEGMENT FALSE;
RIPUP_RETAIN_BONDWIRE FALSE;
RIPUP_SYMBOLS ALWAYS;
Missing symbol has error FALSE;
SCHEMATIC_DIRECTORY 'C:/dannypcb';
BOARD_DIRECTORY '';
OLD_BOARD_NAME 'essaie.brd';
NEW_BOARD_NAME 'essaie.brd';

CmdLine: netrev -$ -i C:/dannypcb -y 1 M:/footprint/#Taaaaab04988.tmp

------ Preparing to read pst files ------

Starting to read C:/dannypcb/pstchip.dat 
   Finished reading C:/dannypcb/pstchip.dat (00:00:00.10)
Starting to read C:/dannypcb/pstxprt.dat 
#1   ERROR(1) Syntax error : unexpected character
     Early end of file      at line 201
     File name : 'C:/dannypcb/pstxprt.dat'

#2   ERROR(102) Run stopped because errors were detected

netrev run on Mar 1 10:33:20 2013
   DESIGN NAME : 'SYSTÈME DE CONTRÔLE DE L'

   COMPILE 'logic'
   CHECK_PIN_NAMES OFF
   CROSS_REFERENCE OFF
   FEEDBACK OFF
   INCREMENTAL OFF
   INTERFACE_TYPE PHYSICAL
   MAX_ERRORS 500
   MERGE_MINIMUM 5
   NET_NAME_CHARS '#%&()*+-./:=>?@[]^_`|'
   NET_NAME_LENGTH 24
   OVERSIGHTS ON
   REPLACE_CHECK OFF
   SINGLE_NODE_NETS ON
   SPLIT_MINIMUM 0
   SUPPRESS   20
   WARNINGS ON

  2 errors detected
 No oversight detected
 No warning detected

cpu time      0:00:46
elapsed time  0:00:00

