(---------------------------------------------------------------------)
(                                                                     )
(    NC DRILL Log                                                     )
(                                                                     )
(    Drawing          : Microcontroleur.brd                           )
(    Software Version : 16.5S017                                      )
(    Date/Time        : Tue Apr 03 15:13:43 2012                      )
(                                                                     )
(---------------------------------------------------------------------)



 Processing NC Parameters file ...

 NC PARAMETERS
 -------------

 FORMAT   		2.5
 MACHINE-OFFSET		x:0.000000	y:0.000000
 FEEDRATE		1
 COORDINATES		ABSOLUTE
 OUTPUT-UNITS		ENGLISH
 TOOL-ORDER		INCREASING
 REPEAT-CODES		YES
 SUPPRESS-LEAD-ZEROES	NO
 SUPPRESS-TRAIL-ZEROES	NO
 SUPPRESS-EQUAL		NO
 TOOL-SELECT		NO
 HEADER			none
 LEADER			12
 CODE			ASCII
 SEPARATE		NO
 OPTIMIZE_DRILLING	NO
 ENHANCED_EXCELLON	NO
 SCALE			1.000000

 WARNING: Design precision is the same as that of the drill output file data.
          Data rounding errors may still be possible.


 Drill files being output to directory 'C:/Orcad projets en court/Projet_2_2012/SPB_Data_TGE' ...



     'Microcontroleur-1-2.drl' created for holes connecting TOP and BOTTOM
     ---------------------------------------------------------------------

           Num     Size      +/- Tolerance     Plating   Quantity

            1.  13.0000    0.0000/  0.0000      PLATED         10
            2.  35.0000    0.0000/  0.0000      PLATED         42
            3.  36.0000    0.0000/  0.0000      PLATED         23
            4.  42.0000    0.0000/  0.0000      PLATED          1
            5.  52.0000    0.0000/  0.0000      PLATED          1
            6. 125.0000    0.0000/  0.0000      PLATED          4
            7. 135.0000    0.0000/  0.0000  NON_PLATED          2

     ---- Total holes:                                         83

     ---- Total head travel:              2.87 feet (0.87 meters)

