(---------------------------------------------------------------------)
(                                                                     )
(    SWAP Log                                                         )
(                                                                     )
(    Drawing          : template_carte_2_3.brd                        )
(    Software Version : 16.5S006                                      )
(    Date/Time        : Tue Mar 13 14:11:50 2012                      )
(                                                                     )
(---------------------------------------------------------------------)



Starting function swap.     Execution 1         Tue Mar 13 14:11:50 2012

Interroom swapping will not be allowed. 

Time limit is 60 minutes.

Swapping functions F13 (Q3) and F14 (Q1)
Swapping functions F9 (R4) and F11 (R1)

Starting virtual wire length  = 71171.00  Starting weighted wire length = 71171.00


Virtual wire length  = 70899.00            Reduction = 272.00 (0.4 %) 

Weighted wire length = 70899.00            Reduction = 272.00 (0.4 %) 


Finished with function swap.                     Tue Mar 13 14:11:52 2012


Starting pin swap.     Execution 1         Tue Mar 13 14:11:52 2012

Time limit is 60 minutes.


Beginning pass 1 for current execution

Reduction statistics for this pass.
Starting virtual wire length  = 70899.00  Starting weighted wire length = 70899.00


Virtual wire length  = 70899.00            Reduction = 0.00 (0.0 %) 

Weighted wire length = 70899.00            Reduction = 0.00 (0.0 %) 



Reduction statistics for all passes.
Starting virtual wire length  = 70899.00  Starting weighted wire length = 70899.00


Virtual wire length  = 70899.00            Reduction = 0.00 (0.0 %) 

Weighted wire length = 70899.00            Reduction = 0.00 (0.0 %) 


Finished with pin swap.                     Tue Mar 13 14:11:52 2012


Starting function swap.     Execution 2         Tue Mar 13 14:11:52 2012

Allowing interroom swapping. 

Time limit is 60 minutes.


Starting virtual wire length  = 70899.00  Starting weighted wire length = 70899.00


Virtual wire length  = 70899.00            Reduction = 0.00 (0.0 %) 

Weighted wire length = 70899.00            Reduction = 0.00 (0.0 %) 


Finished with function swap.                     Tue Mar 13 14:11:52 2012


Starting pin swap.     Execution 2         Tue Mar 13 14:11:52 2012

Time limit is 60 minutes.


Beginning pass 1 for current execution

Reduction statistics for this pass.
Starting virtual wire length  = 70899.00  Starting weighted wire length = 70899.00


Virtual wire length  = 70899.00            Reduction = 0.00 (0.0 %) 

Weighted wire length = 70899.00            Reduction = 0.00 (0.0 %) 



Reduction statistics for all passes.
Starting virtual wire length  = 70899.00  Starting weighted wire length = 70899.00


Virtual wire length  = 70899.00            Reduction = 0.00 (0.0 %) 

Weighted wire length = 70899.00            Reduction = 0.00 (0.0 %) 


Finished with pin swap.                     Tue Mar 13 14:11:52 2012


Finished with swapping.     Tue Mar 13 14:11:52 2012


Reduction statistics for all executions.
Starting virtual wire length  = 71171.00  Starting weighted wire length = 71171.00


Virtual wire length  = 70899.00            Reduction = 272.00 (0.4 %) 

Weighted wire length = 70899.00            Reduction = 272.00 (0.4 %) 


