(---------------------------------------------------------------------)
(                                                                     )
(    Refresh Padstack                                                 )
(                                                                     )
(    Drawing          : header_14.dra                                 )
(    Software Version : 16.5S022                                      )
(    Date/Time        : Mon Sep 24 11:56:22 2012                      )
(                                                                     )
(---------------------------------------------------------------------)


Mon Sep 24 11:56:22 2012				Page     1


------ Pad Stack Refresh Options ------

Input design = 'I:/ORCAD 16_5/SPB_Data_TGE/header_14.dra'
Output design = ''
Reset symbol text and size locations = 'NO'


------ Library Paths ------
PSMPATH =  . 
           symbols 
           .. 
           ../symbols 
           C:/Cadence/SPB_16.5/share/local/pcb/symbols 
           C:/Cadence/SPB_16.5/share/pcb/pcb_lib/symbols 
           C:/Cadence/SPB_16.5/share/pcb/allegrolib/symbols 
           I:/ORCAD 16_5/SPB_Data_TGE/ 

PADPATH =  . 
           symbols 
           .. 
           ../symbols 
           C:/Cadence/SPB_16.5/share/local/pcb/padstacks 
           C:/Cadence/SPB_16.5/share/pcb/pcb_lib/symbols 
           C:/Cadence/SPB_16.5/share/pcb/allegrolib/symbols 
           I:/ORCAD 16_5/SPB_DATA_TGE/ 


------ Pad Stack Refresh Messages ------

'PAD65CIR42D'  pad stack refresh starting.

     'PAD65CIR42D'  pad stack refreshed successfully.
     
'PAD65SQ42D'  pad stack refresh starting.

     'PAD65SQ42D'  pad stack refreshed successfully.
     
Completed refreshing all pad stacks successfully.
