(---------------------------------------------------------------------)
(                                                                     )
(    Allegro Netrev Import Logic                                      )
(                                                                     )
(    Drawing          : alimentation.brd                              )
(    Software Version : 16.5S022                                      )
(    Date/Time        : Tue Apr 30 11:01:32 2013                      )
(                                                                     )
(---------------------------------------------------------------------)


------ Directives ------

RIPUP_ETCH FALSE;
RIPUP_DELETE_FIRST_SEGMENT FALSE;
RIPUP_RETAIN_BONDWIRE FALSE;
RIPUP_SYMBOLS ALWAYS;
Missing symbol has error FALSE;
SCHEMATIC_DIRECTORY 'C:/Users/tge/Desktop/Photo projet et schéma final/Alimentation';
BOARD_DIRECTORY '';
OLD_BOARD_NAME 'C:/Users/tge/Desktop/Photo projet et schéma final/Alimentation/alimentation.brd';
NEW_BOARD_NAME 'C:/Users/tge/Desktop/Photo projet et schéma final/Alimentation/alimentation.brd';

CmdLine: netrev -$ -i C:/Users/tge/Desktop/Photo projet et schéma final/Alimentation -y 1 C:/Users/tge/Desktop/Photo projet et schéma final/Alimentation/#Taaaaab03976.tmp

------ Preparing to read pst files ------

Starting to read C:/Users/tge/Desktop/Photo projet et schéma final/Alimentation/pstchip.dat 
   Finished reading C:/Users/tge/Desktop/Photo projet et schéma final/Alimentation/pstchip.dat (00:00:00.06)
Starting to read C:/Users/tge/Desktop/Photo projet et schéma final/Alimentation/pstxprt.dat 
   Finished reading C:/Users/tge/Desktop/Photo projet et schéma final/Alimentation/pstxprt.dat (00:00:00.00)
Starting to read C:/Users/tge/Desktop/Photo projet et schéma final/Alimentation/pstxnet.dat 
   Finished reading C:/Users/tge/Desktop/Photo projet et schéma final/Alimentation/pstxnet.dat (00:00:00.00)

------ Oversights/Warnings/Errors ------


------ Library Paths ------
MODULEPATH =  C:/temp/footprint/ 
           . 
           C:/Cadence/SPB_16.5/share/local/pcb/modules 
           I:/ORCAD 16_5/SPB_Data_TGE/ 

PSMPATH =  C:/temp/footprint/ 
           . 
           symbols 
           .. 
           ../symbols 
           C:/Cadence/SPB_16.5/share/local/pcb/symbols 
           C:/Cadence/SPB_16.5/share/pcb/pcb_lib/symbols 
           C:/Cadence/SPB_16.5/share/pcb/allegrolib/symbols 
           I:/ORCAD 16_5/SPB_Data_TGE/ 

PADPATH =  C:/temp/footprint/ 
           . 
           symbols 
           .. 
           ../symbols 
           C:/Cadence/SPB_16.5/share/local/pcb/padstacks 
           C:/Cadence/SPB_16.5/share/pcb/pcb_lib/symbols 
           C:/Cadence/SPB_16.5/share/pcb/allegrolib/symbols 
           I:/ORCAD 16_5/SPB_Data_TGE/ 


------ Summary Statistics ------


netrev run on Apr 30 11:01:32 2013
   DESIGN NAME : 'SYSTEMEDECONTROLE'
   PACKAGING ON Mar 26 2012 19:10:13

   COMPILE 'logic'
   CHECK_PIN_NAMES OFF
   CROSS_REFERENCE OFF
   FEEDBACK OFF
   INCREMENTAL OFF
   INTERFACE_TYPE PHYSICAL
   MAX_ERRORS 500
   MERGE_MINIMUM 5
   NET_NAME_CHARS '#%&()*+-./:=>?@[]^_`|'
   NET_NAME_LENGTH 24
   OVERSIGHTS ON
   REPLACE_CHECK OFF
   SINGLE_NODE_NETS ON
   SPLIT_MINIMUM 0
   SUPPRESS   20
   WARNINGS ON

 No error detected
 No oversight detected
 No warning detected

cpu time      0:00:40
elapsed time  0:00:00

